Using pre-set license
Built from '2020.3/release' branch; Version is '2020.3.1f1 (77a89f25062f) revision 7841951'; Using compiler version '192528614'; Build Type 'Release'
OS: 'Windows 10 Home Single Language; OS build 19043.1466; Version 2009; 64bit' Language: 'es' Physical Memory: 15789 MB
BatchMode: 1, IsHumanControllingUs: 0, StartBugReporterOnCrash: 0, Is64bit: 1, IsPro: 0

 COMMAND LINE ARGUMENTS:
C:\Program Files\Unity\Hub\Editor\2020.3.1f1\Editor\Unity.exe
-adb2
-batchMode
-noUpm
-name
AssetImportWorker0
-projectPath
D:/Desarrollos/Unity/3D_Turn-Based_RPG
-logFile
Logs/AssetImportWorker0.log
-srvPort
58821
Successfully changed project path to: D:/Desarrollos/Unity/3D_Turn-Based_RPG
D:/Desarrollos/Unity/3D_Turn-Based_RPG
Using Asset Import Pipeline V2.
Refreshing native plugins compatible for Editor in 20.75 ms, found 0 plugins.
Preloading 0 native plugins for Editor in 0.00 ms.
Initialize engine version: 2020.3.1f1 (77a89f25062f)
[Subsystems] Discovering subsystems at path C:/Program Files/Unity/Hub/Editor/2020.3.1f1/Editor/Data/Resources/UnitySubsystems
[Subsystems] Discovering subsystems at path D:/Desarrollos/Unity/3D_Turn-Based_RPG/Assets
GfxDevice: creating device client; threaded=0
Direct3D:
    Version:  Direct3D 11.0 [level 11.1]
    Renderer: NVIDIA GeForce GTX 1660 Ti (ID=0x2191)
    Vendor:   
    VRAM:     5991 MB
    Driver:   30.0.15.1109
Initialize mono
Mono path[0] = 'C:/Program Files/Unity/Hub/Editor/2020.3.1f1/Editor/Data/Managed'
Mono path[1] = 'C:/Program Files/Unity/Hub/Editor/2020.3.1f1/Editor/Data/MonoBleedingEdge/lib/mono/unityjit'
Mono config path = 'C:/Program Files/Unity/Hub/Editor/2020.3.1f1/Editor/Data/MonoBleedingEdge/etc'
Using monoOptions --debugger-agent=transport=dt_socket,embedding=1,server=y,suspend=n,address=127.0.0.1:56216
Begin MonoManager ReloadAssembly
Registering precompiled unity dll's ...
Register platform support module: C:/Program Files/Unity/Hub/Editor/2020.3.1f1/Editor/Data/PlaybackEngines/WebGLSupport/UnityEditor.WebGL.Extensions.dll
Register platform support module: C:/Program Files/Unity/Hub/Editor/2020.3.1f1/Editor/Data/PlaybackEngines/WindowsStandaloneSupport/UnityEditor.WindowsStandalone.Extensions.dll
Registered in 0.002457 seconds.
Native extension for WindowsStandalone target not found
Native extension for WebGL target not found
Refreshing native plugins compatible for Editor in 19.39 ms, found 0 plugins.
Preloading 0 native plugins for Editor in 0.00 ms.
Invoked RoslynAnalysisRunner static constructor.
RoslynAnalysisRunner will not be running.
RoslynAnalysisRunner has terminated.
Mono: successfully reloaded assembly
- Completed reload, in  1.794 seconds
Platform modules already initialized, skipping
Registering precompiled user dll's ...
Registered in 0.000777 seconds.
Begin MonoManager ReloadAssembly
Native extension for WindowsStandalone target not found
Native extension for WebGL target not found
Refreshing native plugins compatible for Editor in 0.20 ms, found 0 plugins.
Preloading 0 native plugins for Editor in 0.00 ms.
Invoked RoslynAnalysisRunner static constructor.
RoslynAnalysisRunner will not be running.
RoslynAnalysisRunner has terminated.
Mono: successfully reloaded assembly
- Completed reload, in  0.738 seconds
Platform modules already initialized, skipping
========================================================================
Worker process is ready to serve import requests
Launched and connected shader compiler UnityShaderCompiler.exe after 0.05 seconds
Refreshing native plugins compatible for Editor in 0.21 ms, found 0 plugins.
Preloading 0 native plugins for Editor in 0.00 ms.
Unloading 1113 Unused Serialized files (Serialized files now loaded: 0)
System memory in use before: 56.9 MB.
System memory in use after: 56.9 MB.

Unloading 10 unused Assets to reduce memory usage. Loaded Objects now: 1555.
Total: 2.788300 ms (FindLiveObjects: 0.296100 ms CreateObjectMapping: 0.079000 ms MarkObjects: 2.299500 ms  DeleteObjects: 0.111800 ms)

========================================================================
Received Import Request.
  path: Assets
  artifactKey: Guid(00000000000000001000000000000000) Importer(815301076,1909f56bfc062723c751e8b465ee728b)
Start importing Assets using Guid(00000000000000001000000000000000) Importer(815301076,1909f56bfc062723c751e8b465ee728b)  -> (artifact id: 'a6374019befeac6ce670f13ba9960efb') in 0.006286 seconds
  Import took 0.054528 seconds .

========================================================================
Received Import Request.
  Time since last request: 4.328973 seconds.
  path: Assets/Materials
  artifactKey: Guid(cf80957fbbe3d074f9f9ff39917e4ebe) Importer(815301076,1909f56bfc062723c751e8b465ee728b)
Start importing Assets/Materials using Guid(cf80957fbbe3d074f9f9ff39917e4ebe) Importer(815301076,1909f56bfc062723c751e8b465ee728b)  -> (artifact id: '207353c9c7bc9eb0d7b1333df68a1080') in 0.004034 seconds
  Import took 0.008259 seconds .

========================================================================
Received Import Request.
  Time since last request: 4.393237 seconds.
  path: Assets/Models
  artifactKey: Guid(f8279bdd7d34580468edf7ec1f083226) Importer(815301076,1909f56bfc062723c751e8b465ee728b)
Start importing Assets/Models using Guid(f8279bdd7d34580468edf7ec1f083226) Importer(815301076,1909f56bfc062723c751e8b465ee728b)  -> (artifact id: '83502f3ed72d3b7f1dd8345f3a902b10') in 0.005161 seconds
  Import took 0.063409 seconds .

========================================================================
Received Import Request.
  Time since last request: 4.576641 seconds.
  path: Assets/Sprites
  artifactKey: Guid(e499c74243975c94eb48b05425ec7738) Importer(815301076,1909f56bfc062723c751e8b465ee728b)
Start importing Assets/Sprites using Guid(e499c74243975c94eb48b05425ec7738) Importer(815301076,1909f56bfc062723c751e8b465ee728b)  -> (artifact id: '52e6a35df1652ac7c47c64f1139db98b') in 0.003947 seconds
  Import took 0.007506 seconds .

========================================================================
Received Import Request.
  Time since last request: 5.405672 seconds.
  path: Assets/Scripts
  artifactKey: Guid(990cc2023a0097c4b815f25bcaf371ae) Importer(815301076,1909f56bfc062723c751e8b465ee728b)
Start importing Assets/Scripts using Guid(990cc2023a0097c4b815f25bcaf371ae) Importer(815301076,1909f56bfc062723c751e8b465ee728b)  -> (artifact id: '8784c49e9d0fb2a9a768ced5264f273e') in 0.009727 seconds
  Import took 0.013831 seconds .

========================================================================
Received Import Request.
  Time since last request: 4.690689 seconds.
  path: Assets/Prefabs
  artifactKey: Guid(e164435d053f62741928c9c3bc2ea74a) Importer(815301076,1909f56bfc062723c751e8b465ee728b)
Start importing Assets/Prefabs using Guid(e164435d053f62741928c9c3bc2ea74a) Importer(815301076,1909f56bfc062723c751e8b465ee728b)  -> (artifact id: '00b96cc7852875d48fdaa7bdbb0c8d8d') in 0.006129 seconds
  Import took 0.032695 seconds .

========================================================================
Received Import Request.
  Time since last request: 19.849819 seconds.
  path: Assets/Imported_Assets
  artifactKey: Guid(5fa44d432c6286241acaee8edc00ab96) Importer(815301076,1909f56bfc062723c751e8b465ee728b)
Start importing Assets/Imported_Assets using Guid(5fa44d432c6286241acaee8edc00ab96) Importer(815301076,1909f56bfc062723c751e8b465ee728b)  -> (artifact id: '474a1448ae86bca32e73c632ef45bd8a') in 0.006648 seconds
  Import took 0.009007 seconds .

========================================================================
Received Import Request.
  Time since last request: 38.305397 seconds.
  path: Assets/Imported_Assets/Sprites/CharacterSelection.png
  artifactKey: Guid(cf3b47ab261f0e648a8b5adb9912b406) Importer(815301076,1909f56bfc062723c751e8b465ee728b)
Start importing Assets/Imported_Assets/Sprites/CharacterSelection.png using Guid(cf3b47ab261f0e648a8b5adb9912b406) Importer(815301076,1909f56bfc062723c751e8b465ee728b)  -> (artifact id: '5d1d084b5963a49ee01599d8340de2d5') in 0.055539 seconds
  Import took 0.057587 seconds .

========================================================================
Received Import Request.
  Time since last request: 0.000380 seconds.
  path: Assets/Imported_Assets/Sprites/Square.png
  artifactKey: Guid(205acbe72d5e2b242915b2548220c525) Importer(815301076,1909f56bfc062723c751e8b465ee728b)
Start importing Assets/Imported_Assets/Sprites/Square.png using Guid(205acbe72d5e2b242915b2548220c525) Importer(815301076,1909f56bfc062723c751e8b465ee728b)  -> (artifact id: '4c85001492b63160c3f0f32bd3ae4a19') in 0.012474 seconds
  Import took 0.014719 seconds .

========================================================================
Received Import Request.
  Time since last request: 0.000509 seconds.
  path: Assets/Imported_Assets/Sprites/Heal.png
  artifactKey: Guid(68e2d8202ef09a7459844e6eab443cfa) Importer(815301076,1909f56bfc062723c751e8b465ee728b)
Start importing Assets/Imported_Assets/Sprites/Heal.png using Guid(68e2d8202ef09a7459844e6eab443cfa) Importer(815301076,1909f56bfc062723c751e8b465ee728b)  -> (artifact id: '46297874d20e36f5a05fe1b15909b555') in 0.010781 seconds
  Import took 0.012549 seconds .

========================================================================
Received Import Request.
  Time since last request: 8.463276 seconds.
  path: Assets/Imported_Assets/Sprites/CharacterSelection.png
  artifactKey: Guid(cf3b47ab261f0e648a8b5adb9912b406) Importer(815301076,1909f56bfc062723c751e8b465ee728b)
Start importing Assets/Imported_Assets/Sprites/CharacterSelection.png using Guid(cf3b47ab261f0e648a8b5adb9912b406) Importer(815301076,1909f56bfc062723c751e8b465ee728b)  -> (artifact id: '7e25e0c6c4ee0d291bdaf1f020e4131e') in 0.045005 seconds
  Import took 0.047122 seconds .

========================================================================
Received Import Request.
  Time since last request: 0.000376 seconds.
  path: Assets/Imported_Assets/Sprites/Square.png
  artifactKey: Guid(205acbe72d5e2b242915b2548220c525) Importer(815301076,1909f56bfc062723c751e8b465ee728b)
Start importing Assets/Imported_Assets/Sprites/Square.png using Guid(205acbe72d5e2b242915b2548220c525) Importer(815301076,1909f56bfc062723c751e8b465ee728b)  -> (artifact id: '55519d0a0ffa6ca5b7228acc0c6b01d5') in 0.014415 seconds
  Import took 0.016416 seconds .

========================================================================
Received Import Request.
  Time since last request: 0.000381 seconds.
  path: Assets/Imported_Assets/Sprites/Heal.png
  artifactKey: Guid(68e2d8202ef09a7459844e6eab443cfa) Importer(815301076,1909f56bfc062723c751e8b465ee728b)
Start importing Assets/Imported_Assets/Sprites/Heal.png using Guid(68e2d8202ef09a7459844e6eab443cfa) Importer(815301076,1909f56bfc062723c751e8b465ee728b)  -> (artifact id: '0e63715fe4cd3642669b80676245fe7d') in 0.016092 seconds
  Import took 0.018114 seconds .

========================================================================
Received Import Request.
  Time since last request: 0.000336 seconds.
  path: Assets/Imported_Assets/Sprites/Square.png
  artifactKey: Guid(205acbe72d5e2b242915b2548220c525) Importer(815301076,1909f56bfc062723c751e8b465ee728b)
Start importing Assets/Imported_Assets/Sprites/Square.png using Guid(205acbe72d5e2b242915b2548220c525) Importer(815301076,1909f56bfc062723c751e8b465ee728b)  -> (artifact id: '55519d0a0ffa6ca5b7228acc0c6b01d5') in 0.017023 seconds
  Import took 0.018727 seconds .

========================================================================
Received Import Request.
  Time since last request: 2.791220 seconds.
  path: Assets/Imported_Assets/Models/Characters
  artifactKey: Guid(ea3d099ec56219549ae3a15b50278907) Importer(815301076,1909f56bfc062723c751e8b465ee728b)
Start importing Assets/Imported_Assets/Models/Characters using Guid(ea3d099ec56219549ae3a15b50278907) Importer(815301076,1909f56bfc062723c751e8b465ee728b)  -> (artifact id: '72c10c49ed89f128101f863f2a3496e7') in 0.004721 seconds
  Import took 0.006762 seconds .

========================================================================
Received Import Request.
  Time since last request: 0.642664 seconds.
  path: Assets/Imported_Assets/Models/Characters/Material
  artifactKey: Guid(aa479db044e72f347b1cd5807b3111c5) Importer(815301076,1909f56bfc062723c751e8b465ee728b)
Start importing Assets/Imported_Assets/Models/Characters/Material using Guid(aa479db044e72f347b1cd5807b3111c5) Importer(815301076,1909f56bfc062723c751e8b465ee728b)  -> (artifact id: '4354b8b6c99cfe24f55fbc4201dd1953') in 0.003618 seconds
  Import took 0.006126 seconds .

========================================================================
Received Import Request.
  Time since last request: 1.138694 seconds.
  path: Assets/Imported_Assets/Models/Characters/Model
  artifactKey: Guid(ed84e38172e85a749becdcc1a6bb0a0c) Importer(815301076,1909f56bfc062723c751e8b465ee728b)
Start importing Assets/Imported_Assets/Models/Characters/Model using Guid(ed84e38172e85a749becdcc1a6bb0a0c) Importer(815301076,1909f56bfc062723c751e8b465ee728b)  -> (artifact id: '81904e54cb7d66805c307c638ec2d403') in 0.027356 seconds
  Import took 0.030223 seconds .

========================================================================
Received Import Request.
  Time since last request: 0.394947 seconds.
  path: Assets/Imported_Assets/Models/Characters/Model/advancedCharacter.fbx
  artifactKey: Guid(11de9d883ba29e7408300ad1c2cc424b) Importer(815301076,1909f56bfc062723c751e8b465ee728b)
Start importing Assets/Imported_Assets/Models/Characters/Model/advancedCharacter.fbx using Guid(11de9d883ba29e7408300ad1c2cc424b) Importer(815301076,1909f56bfc062723c751e8b465ee728b)  -> (artifact id: '901f21c9f8f17573167425ddd945f9e6') in 0.333868 seconds
  Import took 0.336127 seconds .

========================================================================
Received Import Request.
  Time since last request: 0.000364 seconds.
  path: Assets/Imported_Assets/Models/Characters/Model/basicCharacter.fbx
  artifactKey: Guid(df38d25b6fd39b44eacfb4a2b784547c) Importer(815301076,1909f56bfc062723c751e8b465ee728b)
Start importing Assets/Imported_Assets/Models/Characters/Model/basicCharacter.fbx using Guid(df38d25b6fd39b44eacfb4a2b784547c) Importer(815301076,1909f56bfc062723c751e8b465ee728b)  -> (artifact id: '10069bb477709054a1585620473f602f') in 0.077245 seconds
  Import took 0.079343 seconds .

========================================================================
Received Import Request.
  Time since last request: 1.578954 seconds.
  path: Assets/Imported_Assets/Models/Characters/Model/Materials
  artifactKey: Guid(4f010d013e9fb9448b4ce911e60c2e0e) Importer(815301076,1909f56bfc062723c751e8b465ee728b)
Start importing Assets/Imported_Assets/Models/Characters/Model/Materials using Guid(4f010d013e9fb9448b4ce911e60c2e0e) Importer(815301076,1909f56bfc062723c751e8b465ee728b)  -> (artifact id: '65ae928f12f4604a60cdec55f5e96358') in 0.003687 seconds
  Import took 0.006080 seconds .

========================================================================
Received Import Request.
  Time since last request: 0.001696 seconds.
  path: Assets/Imported_Assets/Models/Characters/Model/Materials
  artifactKey: Guid(4f010d013e9fb9448b4ce911e60c2e0e) Importer(815301076,1909f56bfc062723c751e8b465ee728b)
Start importing Assets/Imported_Assets/Models/Characters/Model/Materials using Guid(4f010d013e9fb9448b4ce911e60c2e0e) Importer(815301076,1909f56bfc062723c751e8b465ee728b)  -> (artifact id: '65ae928f12f4604a60cdec55f5e96358') in 0.003595 seconds
  Import took 0.005762 seconds .

========================================================================
Received Import Request.
  Time since last request: 0.050616 seconds.
  path: Assets/Imported_Assets/Models/Characters/Model/Materials/lambert.mat
  artifactKey: Guid(125660309d12757448c14ab7408a879f) Importer(815301076,1909f56bfc062723c751e8b465ee728b)
Start importing Assets/Imported_Assets/Models/Characters/Model/Materials/lambert.mat using Guid(125660309d12757448c14ab7408a879f) Importer(815301076,1909f56bfc062723c751e8b465ee728b)  -> (artifact id: '8c009158f5b4016bf8bf91ec94d18ee7') in 0.036492 seconds
  Import took 0.039164 seconds .

========================================================================
Received Import Request.
  Time since last request: 0.000704 seconds.
  path: Assets/Imported_Assets/Models/Characters/Model/Materials/lambert1.mat
  artifactKey: Guid(604f55c42b18cfb43ad964b7556affd5) Importer(815301076,1909f56bfc062723c751e8b465ee728b)
Start importing Assets/Imported_Assets/Models/Characters/Model/Materials/lambert1.mat using Guid(604f55c42b18cfb43ad964b7556affd5) Importer(815301076,1909f56bfc062723c751e8b465ee728b)  -> (artifact id: '326007eebdfdf00ad670d291a668ef46') in 0.015508 seconds
  Import took 0.018946 seconds .

========================================================================
Received Import Request.
  Time since last request: 8.652034 seconds.
  path: Assets/Imported_Assets/Models/Environment/fenceFortified.fbx
  artifactKey: Guid(f6bdd442116c44b40b55c7d7bb8975fc) Importer(815301076,1909f56bfc062723c751e8b465ee728b)
Start importing Assets/Imported_Assets/Models/Environment/fenceFortified.fbx using Guid(f6bdd442116c44b40b55c7d7bb8975fc) Importer(815301076,1909f56bfc062723c751e8b465ee728b)  -> (artifact id: '06bfbf6996fc385f00c0bf0712bfe294') in 0.031252 seconds
  Import took 0.033368 seconds .

========================================================================
Received Import Request.
  Time since last request: 0.000492 seconds.
  path: Assets/Imported_Assets/Models/Environment/rockA.fbx
  artifactKey: Guid(be7d08e7e84220b4b9956e6b00744459) Importer(815301076,1909f56bfc062723c751e8b465ee728b)
Start importing Assets/Imported_Assets/Models/Environment/rockA.fbx using Guid(be7d08e7e84220b4b9956e6b00744459) Importer(815301076,1909f56bfc062723c751e8b465ee728b)  -> (artifact id: 'f07fc8c40837f441d8024a67b05c8bd0') in 0.026193 seconds
  Import took 0.028502 seconds .

========================================================================
Received Import Request.
  Time since last request: 0.000384 seconds.
  path: Assets/Imported_Assets/Models/Environment/treeFall.fbx
  artifactKey: Guid(de5f2210f86cc7a46a9a04fdce4c706f) Importer(815301076,1909f56bfc062723c751e8b465ee728b)
Start importing Assets/Imported_Assets/Models/Environment/treeFall.fbx using Guid(de5f2210f86cc7a46a9a04fdce4c706f) Importer(815301076,1909f56bfc062723c751e8b465ee728b)  -> (artifact id: '6054cdb50f60b48750ed05713fc28c2f') in 0.046380 seconds
  Import took 0.048409 seconds .

========================================================================
Received Import Request.
  Time since last request: 0.000330 seconds.
  path: Assets/Imported_Assets/Models/Environment/rockFlatGrass.fbx
  artifactKey: Guid(af79aef95432d704b80ade6b74cfe071) Importer(815301076,1909f56bfc062723c751e8b465ee728b)
Start importing Assets/Imported_Assets/Models/Environment/rockFlatGrass.fbx using Guid(af79aef95432d704b80ade6b74cfe071) Importer(815301076,1909f56bfc062723c751e8b465ee728b)  -> (artifact id: '92d102b654b9ffadb58285d6ce82a4df') in 0.032593 seconds
  Import took 0.034722 seconds .

========================================================================
Received Import Request.
  Time since last request: 0.000374 seconds.
  path: Assets/Imported_Assets/Models/Environment/rockC.fbx
  artifactKey: Guid(c857f17884770d7428071f4456043e10) Importer(815301076,1909f56bfc062723c751e8b465ee728b)
Start importing Assets/Imported_Assets/Models/Environment/rockC.fbx using Guid(c857f17884770d7428071f4456043e10) Importer(815301076,1909f56bfc062723c751e8b465ee728b)  -> (artifact id: '4187c7e76d6d1c1c56f04bbbd80b33a7') in 0.031890 seconds
  Import took 0.034203 seconds .

========================================================================
Received Import Request.
  Time since last request: 0.000383 seconds.
  path: Assets/Imported_Assets/Models/Environment/grass.fbx
  artifactKey: Guid(77f90508e24cd484093120b092f0783d) Importer(815301076,1909f56bfc062723c751e8b465ee728b)
Start importing Assets/Imported_Assets/Models/Environment/grass.fbx using Guid(77f90508e24cd484093120b092f0783d) Importer(815301076,1909f56bfc062723c751e8b465ee728b)  -> (artifact id: 'cdd38883d0690de48e3ad3dde8205e5d') in 0.026436 seconds
  Import took 0.028497 seconds .

========================================================================
Received Import Request.
  Time since last request: 0.000396 seconds.
  path: Assets/Imported_Assets/Models/Environment/grassLarge.fbx
  artifactKey: Guid(b415b5790aaef194ca8199a727f0a9b1) Importer(815301076,1909f56bfc062723c751e8b465ee728b)
Start importing Assets/Imported_Assets/Models/Environment/grassLarge.fbx using Guid(b415b5790aaef194ca8199a727f0a9b1) Importer(815301076,1909f56bfc062723c751e8b465ee728b)  -> (artifact id: 'f5127a4364a79bc244d4d0a9b7da420e') in 0.029946 seconds
  Import took 0.054810 seconds .

========================================================================
Received Import Request.
  Time since last request: 0.000757 seconds.
  path: Assets/Imported_Assets/Models/Environment/rockB.fbx
  artifactKey: Guid(73e5a061b7b57674794508b6f3c1bd6c) Importer(815301076,1909f56bfc062723c751e8b465ee728b)
Start importing Assets/Imported_Assets/Models/Environment/rockB.fbx using Guid(73e5a061b7b57674794508b6f3c1bd6c) Importer(815301076,1909f56bfc062723c751e8b465ee728b)  -> (artifact id: '8a2bb04e65fc3059463fe67dcaa9c730') in 0.028377 seconds
  Import took 0.030877 seconds .

========================================================================
Received Import Request.
  Time since last request: 0.000349 seconds.
  path: Assets/Imported_Assets/Models/Environment/tree.fbx
  artifactKey: Guid(a78a6cd12991b0848b482c3594b35fb1) Importer(815301076,1909f56bfc062723c751e8b465ee728b)
Start importing Assets/Imported_Assets/Models/Environment/tree.fbx using Guid(a78a6cd12991b0848b482c3594b35fb1) Importer(815301076,1909f56bfc062723c751e8b465ee728b)  -> (artifact id: '7b895f3fa276ebe10638b7b5d3a526c7') in 0.032189 seconds
  Import took 0.034277 seconds .

========================================================================
Received Import Request.
  Time since last request: 71.228910 seconds.
  path: ProjectSettings/TagManager.asset
  artifactKey: Guid(00000000000000003000000000000000) Importer(815301076,1909f56bfc062723c751e8b465ee728b)
Start importing ProjectSettings/TagManager.asset using Guid(00000000000000003000000000000000) Importer(815301076,1909f56bfc062723c751e8b465ee728b)  -> (artifact id: '4e1ade904f8483502412a943970edefa') in 0.008582 seconds
  Import took 0.011111 seconds .

========================================================================
Received Import Request.
  Time since last request: 27.746740 seconds.
  path: Assets/Scenes/SampleScene.unity
  artifactKey: Guid(9fc0d4010bbf28b4594072e72b8655ab) Importer(815301076,1909f56bfc062723c751e8b465ee728b)
Start importing Assets/Scenes/SampleScene.unity using Guid(9fc0d4010bbf28b4594072e72b8655ab) Importer(815301076,1909f56bfc062723c751e8b465ee728b)  -> (artifact id: '9a0c7bd3eade52b464e03a3fa19ccb01') in 0.006892 seconds
  Import took 0.009917 seconds .

========================================================================
Received Import Request.
  Time since last request: 33.736946 seconds.
  path: Assets/Scenes/Battle.unity
  artifactKey: Guid(9fc0d4010bbf28b4594072e72b8655ab) Importer(815301076,1909f56bfc062723c751e8b465ee728b)
Start importing Assets/Scenes/Battle.unity using Guid(9fc0d4010bbf28b4594072e72b8655ab) Importer(815301076,1909f56bfc062723c751e8b465ee728b)  -> (artifact id: 'a32023f14b758e5b6c638f5b352da8bf') in 0.007345 seconds
  Import took 0.010055 seconds .

========================================================================
Received Import Request.
  Time since last request: 0.003675 seconds.
  path: Assets/Scenes/Battle.unity
  artifactKey: Guid(9fc0d4010bbf28b4594072e72b8655ab) Importer(815301076,1909f56bfc062723c751e8b465ee728b)
Start importing Assets/Scenes/Battle.unity using Guid(9fc0d4010bbf28b4594072e72b8655ab) Importer(815301076,1909f56bfc062723c751e8b465ee728b)  -> (artifact id: 'a32023f14b758e5b6c638f5b352da8bf') in 0.004517 seconds
  Import took 0.007604 seconds .

========================================================================
Received Import Request.
  Time since last request: 60.559894 seconds.
  path: Assets/Materials/Ground.mat
  artifactKey: Guid(3b52746a2729cb84aa706aec2214adc5) Importer(815301076,1909f56bfc062723c751e8b465ee728b)
Start importing Assets/Materials/Ground.mat using Guid(3b52746a2729cb84aa706aec2214adc5) Importer(815301076,1909f56bfc062723c751e8b465ee728b)  -> (artifact id: 'af7dd3b89ad080f477229ac77a5cf6a3') in 0.016456 seconds
  Import took 0.041519 seconds .

