Using pre-set license
Built from '2020.3/release' branch; Version is '2020.3.1f1 (77a89f25062f) revision 7841951'; Using compiler version '192528614'; Build Type 'Release'
OS: 'Windows 10 Home Single Language; OS build 19043.1466; Version 2009; 64bit' Language: 'es' Physical Memory: 15789 MB
BatchMode: 1, IsHumanControllingUs: 0, StartBugReporterOnCrash: 0, Is64bit: 1, IsPro: 0

 COMMAND LINE ARGUMENTS:
C:\Program Files\Unity\Hub\Editor\2020.3.1f1\Editor\Unity.exe
-adb2
-batchMode
-noUpm
-name
AssetImportWorker0
-projectPath
D:/Desarrollos/Unity/3D_Turn-Based_RPG
-logFile
Logs/AssetImportWorker0.log
-srvPort
58821
Successfully changed project path to: D:/Desarrollos/Unity/3D_Turn-Based_RPG
D:/Desarrollos/Unity/3D_Turn-Based_RPG
Using Asset Import Pipeline V2.
Refreshing native plugins compatible for Editor in 20.75 ms, found 0 plugins.
Preloading 0 native plugins for Editor in 0.00 ms.
Initialize engine version: 2020.3.1f1 (77a89f25062f)
[Subsystems] Discovering subsystems at path C:/Program Files/Unity/Hub/Editor/2020.3.1f1/Editor/Data/Resources/UnitySubsystems
[Subsystems] Discovering subsystems at path D:/Desarrollos/Unity/3D_Turn-Based_RPG/Assets
GfxDevice: creating device client; threaded=0
Direct3D:
    Version:  Direct3D 11.0 [level 11.1]
    Renderer: NVIDIA GeForce GTX 1660 Ti (ID=0x2191)
    Vendor:   
    VRAM:     5991 MB
    Driver:   30.0.15.1109
Initialize mono
Mono path[0] = 'C:/Program Files/Unity/Hub/Editor/2020.3.1f1/Editor/Data/Managed'
Mono path[1] = 'C:/Program Files/Unity/Hub/Editor/2020.3.1f1/Editor/Data/MonoBleedingEdge/lib/mono/unityjit'
Mono config path = 'C:/Program Files/Unity/Hub/Editor/2020.3.1f1/Editor/Data/MonoBleedingEdge/etc'
Using monoOptions --debugger-agent=transport=dt_socket,embedding=1,server=y,suspend=n,address=127.0.0.1:56216
Begin MonoManager ReloadAssembly
Registering precompiled unity dll's ...
Register platform support module: C:/Program Files/Unity/Hub/Editor/2020.3.1f1/Editor/Data/PlaybackEngines/WebGLSupport/UnityEditor.WebGL.Extensions.dll
Register platform support module: C:/Program Files/Unity/Hub/Editor/2020.3.1f1/Editor/Data/PlaybackEngines/WindowsStandaloneSupport/UnityEditor.WindowsStandalone.Extensions.dll
Registered in 0.002457 seconds.
Native extension for WindowsStandalone target not found
Native extension for WebGL target not found
Refreshing native plugins compatible for Editor in 19.39 ms, found 0 plugins.
Preloading 0 native plugins for Editor in 0.00 ms.
Invoked RoslynAnalysisRunner static constructor.
RoslynAnalysisRunner will not be running.
RoslynAnalysisRunner has terminated.
Mono: successfully reloaded assembly
- Completed reload, in  1.794 seconds
Platform modules already initialized, skipping
Registering precompiled user dll's ...
Registered in 0.000777 seconds.
Begin MonoManager ReloadAssembly
Native extension for WindowsStandalone target not found
Native extension for WebGL target not found
Refreshing native plugins compatible for Editor in 0.20 ms, found 0 plugins.
Preloading 0 native plugins for Editor in 0.00 ms.
Invoked RoslynAnalysisRunner static constructor.
RoslynAnalysisRunner will not be running.
RoslynAnalysisRunner has terminated.
Mono: successfully reloaded assembly
- Completed reload, in  0.738 seconds
Platform modules already initialized, skipping
========================================================================
Worker process is ready to serve import requests
Launched and connected shader compiler UnityShaderCompiler.exe after 0.05 seconds
Refreshing native plugins compatible for Editor in 0.21 ms, found 0 plugins.
Preloading 0 native plugins for Editor in 0.00 ms.
Unloading 1113 Unused Serialized files (Serialized files now loaded: 0)
System memory in use before: 56.9 MB.
System memory in use after: 56.9 MB.

Unloading 10 unused Assets to reduce memory usage. Loaded Objects now: 1555.
Total: 2.788300 ms (FindLiveObjects: 0.296100 ms CreateObjectMapping: 0.079000 ms MarkObjects: 2.299500 ms  DeleteObjects: 0.111800 ms)

========================================================================
Received Import Request.
  path: Assets
  artifactKey: Guid(00000000000000001000000000000000) Importer(815301076,1909f56bfc062723c751e8b465ee728b)
Start importing Assets using Guid(00000000000000001000000000000000) Importer(815301076,1909f56bfc062723c751e8b465ee728b)  -> (artifact id: 'a6374019befeac6ce670f13ba9960efb') in 0.006286 seconds
  Import took 0.054528 seconds .

========================================================================
Received Import Request.
  Time since last request: 4.328973 seconds.
  path: Assets/Materials
  artifactKey: Guid(cf80957fbbe3d074f9f9ff39917e4ebe) Importer(815301076,1909f56bfc062723c751e8b465ee728b)
Start importing Assets/Materials using Guid(cf80957fbbe3d074f9f9ff39917e4ebe) Importer(815301076,1909f56bfc062723c751e8b465ee728b)  -> (artifact id: '207353c9c7bc9eb0d7b1333df68a1080') in 0.004034 seconds
  Import took 0.008259 seconds .

========================================================================
Received Import Request.
  Time since last request: 4.393237 seconds.
  path: Assets/Models
  artifactKey: Guid(f8279bdd7d34580468edf7ec1f083226) Importer(815301076,1909f56bfc062723c751e8b465ee728b)
Start importing Assets/Models using Guid(f8279bdd7d34580468edf7ec1f083226) Importer(815301076,1909f56bfc062723c751e8b465ee728b)  -> (artifact id: '83502f3ed72d3b7f1dd8345f3a902b10') in 0.005161 seconds
  Import took 0.063409 seconds .

========================================================================
Received Import Request.
  Time since last request: 4.576641 seconds.
  path: Assets/Sprites
  artifactKey: Guid(e499c74243975c94eb48b05425ec7738) Importer(815301076,1909f56bfc062723c751e8b465ee728b)
Start importing Assets/Sprites using Guid(e499c74243975c94eb48b05425ec7738) Importer(815301076,1909f56bfc062723c751e8b465ee728b)  -> (artifact id: '52e6a35df1652ac7c47c64f1139db98b') in 0.003947 seconds
  Import took 0.007506 seconds .

========================================================================
Received Import Request.
  Time since last request: 5.405672 seconds.
  path: Assets/Scripts
  artifactKey: Guid(990cc2023a0097c4b815f25bcaf371ae) Importer(815301076,1909f56bfc062723c751e8b465ee728b)
Start importing Assets/Scripts using Guid(990cc2023a0097c4b815f25bcaf371ae) Importer(815301076,1909f56bfc062723c751e8b465ee728b)  -> (artifact id: '8784c49e9d0fb2a9a768ced5264f273e') in 0.009727 seconds
  Import took 0.013831 seconds .

========================================================================
Received Import Request.
  Time since last request: 4.690689 seconds.
  path: Assets/Prefabs
  artifactKey: Guid(e164435d053f62741928c9c3bc2ea74a) Importer(815301076,1909f56bfc062723c751e8b465ee728b)
Start importing Assets/Prefabs using Guid(e164435d053f62741928c9c3bc2ea74a) Importer(815301076,1909f56bfc062723c751e8b465ee728b)  -> (artifact id: '00b96cc7852875d48fdaa7bdbb0c8d8d') in 0.006129 seconds
  Import took 0.032695 seconds .

========================================================================
Received Import Request.
  Time since last request: 19.849819 seconds.
  path: Assets/Imported_Assets
  artifactKey: Guid(5fa44d432c6286241acaee8edc00ab96) Importer(815301076,1909f56bfc062723c751e8b465ee728b)
Start importing Assets/Imported_Assets using Guid(5fa44d432c6286241acaee8edc00ab96) Importer(815301076,1909f56bfc062723c751e8b465ee728b)  -> (artifact id: '474a1448ae86bca32e73c632ef45bd8a') in 0.006648 seconds
  Import took 0.009007 seconds .

========================================================================
Received Import Request.
  Time since last request: 38.305397 seconds.
  path: Assets/Imported_Assets/Sprites/CharacterSelection.png
  artifactKey: Guid(cf3b47ab261f0e648a8b5adb9912b406) Importer(815301076,1909f56bfc062723c751e8b465ee728b)
Start importing Assets/Imported_Assets/Sprites/CharacterSelection.png using Guid(cf3b47ab261f0e648a8b5adb9912b406) Importer(815301076,1909f56bfc062723c751e8b465ee728b)  -> (artifact id: '5d1d084b5963a49ee01599d8340de2d5') in 0.055539 seconds
  Import took 0.057587 seconds .

========================================================================
Received Import Request.
  Time since last request: 0.000380 seconds.
  path: Assets/Imported_Assets/Sprites/Square.png
  artifactKey: Guid(205acbe72d5e2b242915b2548220c525) Importer(815301076,1909f56bfc062723c751e8b465ee728b)
Start importing Assets/Imported_Assets/Sprites/Square.png using Guid(205acbe72d5e2b242915b2548220c525) Importer(815301076,1909f56bfc062723c751e8b465ee728b)  -> (artifact id: '4c85001492b63160c3f0f32bd3ae4a19') in 0.012474 seconds
  Import took 0.014719 seconds .

========================================================================
Received Import Request.
  Time since last request: 0.000509 seconds.
  path: Assets/Imported_Assets/Sprites/Heal.png
  artifactKey: Guid(68e2d8202ef09a7459844e6eab443cfa) Importer(815301076,1909f56bfc062723c751e8b465ee728b)
Start importing Assets/Imported_Assets/Sprites/Heal.png using Guid(68e2d8202ef09a7459844e6eab443cfa) Importer(815301076,1909f56bfc062723c751e8b465ee728b)  -> (artifact id: '46297874d20e36f5a05fe1b15909b555') in 0.010781 seconds
  Import took 0.012549 seconds .

========================================================================
Received Import Request.
  Time since last request: 8.463276 seconds.
  path: Assets/Imported_Assets/Sprites/CharacterSelection.png
  artifactKey: Guid(cf3b47ab261f0e648a8b5adb9912b406) Importer(815301076,1909f56bfc062723c751e8b465ee728b)
Start importing Assets/Imported_Assets/Sprites/CharacterSelection.png using Guid(cf3b47ab261f0e648a8b5adb9912b406) Importer(815301076,1909f56bfc062723c751e8b465ee728b)  -> (artifact id: '7e25e0c6c4ee0d291bdaf1f020e4131e') in 0.045005 seconds
  Import took 0.047122 seconds .

========================================================================
Received Import Request.
  Time since last request: 0.000376 seconds.
  path: Assets/Imported_Assets/Sprites/Square.png
  artifactKey: Guid(205acbe72d5e2b242915b2548220c525) Importer(815301076,1909f56bfc062723c751e8b465ee728b)
Start importing Assets/Imported_Assets/Sprites/Square.png using Guid(205acbe72d5e2b242915b2548220c525) Importer(815301076,1909f56bfc062723c751e8b465ee728b)  -> (artifact id: '55519d0a0ffa6ca5b7228acc0c6b01d5') in 0.014415 seconds
  Import took 0.016416 seconds .

========================================================================
Received Import Request.
  Time since last request: 0.000381 seconds.
  path: Assets/Imported_Assets/Sprites/Heal.png
  artifactKey: Guid(68e2d8202ef09a7459844e6eab443cfa) Importer(815301076,1909f56bfc062723c751e8b465ee728b)
Start importing Assets/Imported_Assets/Sprites/Heal.png using Guid(68e2d8202ef09a7459844e6eab443cfa) Importer(815301076,1909f56bfc062723c751e8b465ee728b)  -> (artifact id: '0e63715fe4cd3642669b80676245fe7d') in 0.016092 seconds
  Import took 0.018114 seconds .

========================================================================
Received Import Request.
  Time since last request: 0.000336 seconds.
  path: Assets/Imported_Assets/Sprites/Square.png
  artifactKey: Guid(205acbe72d5e2b242915b2548220c525) Importer(815301076,1909f56bfc062723c751e8b465ee728b)
Start importing Assets/Imported_Assets/Sprites/Square.png using Guid(205acbe72d5e2b242915b2548220c525) Importer(815301076,1909f56bfc062723c751e8b465ee728b)  -> (artifact id: '55519d0a0ffa6ca5b7228acc0c6b01d5') in 0.017023 seconds
  Import took 0.018727 seconds .

========================================================================
Received Import Request.
  Time since last request: 2.791220 seconds.
  path: Assets/Imported_Assets/Models/Characters
  artifactKey: Guid(ea3d099ec56219549ae3a15b50278907) Importer(815301076,1909f56bfc062723c751e8b465ee728b)
Start importing Assets/Imported_Assets/Models/Characters using Guid(ea3d099ec56219549ae3a15b50278907) Importer(815301076,1909f56bfc062723c751e8b465ee728b)  -> (artifact id: '72c10c49ed89f128101f863f2a3496e7') in 0.004721 seconds
  Import took 0.006762 seconds .

========================================================================
Received Import Request.
  Time since last request: 0.642664 seconds.
  path: Assets/Imported_Assets/Models/Characters/Material
  artifactKey: Guid(aa479db044e72f347b1cd5807b3111c5) Importer(815301076,1909f56bfc062723c751e8b465ee728b)
Start importing Assets/Imported_Assets/Models/Characters/Material using Guid(aa479db044e72f347b1cd5807b3111c5) Importer(815301076,1909f56bfc062723c751e8b465ee728b)  -> (artifact id: '4354b8b6c99cfe24f55fbc4201dd1953') in 0.003618 seconds
  Import took 0.006126 seconds .

========================================================================
Received Import Request.
  Time since last request: 1.138694 seconds.
  path: Assets/Imported_Assets/Models/Characters/Model
  artifactKey: Guid(ed84e38172e85a749becdcc1a6bb0a0c) Importer(815301076,1909f56bfc062723c751e8b465ee728b)
Start importing Assets/Imported_Assets/Models/Characters/Model using Guid(ed84e38172e85a749becdcc1a6bb0a0c) Importer(815301076,1909f56bfc062723c751e8b465ee728b)  -> (artifact id: '81904e54cb7d66805c307c638ec2d403') in 0.027356 seconds
  Import took 0.030223 seconds .

========================================================================
Received Import Request.
  Time since last request: 0.394947 seconds.
  path: Assets/Imported_Assets/Models/Characters/Model/advancedCharacter.fbx
  artifactKey: Guid(11de9d883ba29e7408300ad1c2cc424b) Importer(815301076,1909f56bfc062723c751e8b465ee728b)
Start importing Assets/Imported_Assets/Models/Characters/Model/advancedCharacter.fbx using Guid(11de9d883ba29e7408300ad1c2cc424b) Importer(815301076,1909f56bfc062723c751e8b465ee728b)  -> (artifact id: '901f21c9f8f17573167425ddd945f9e6') in 0.333868 seconds
  Import took 0.336127 seconds .

========================================================================
Received Import Request.
  Time since last request: 0.000364 seconds.
  path: Assets/Imported_Assets/Models/Characters/Model/basicCharacter.fbx
  artifactKey: Guid(df38d25b6fd39b44eacfb4a2b784547c) Importer(815301076,1909f56bfc062723c751e8b465ee728b)
Start importing Assets/Imported_Assets/Models/Characters/Model/basicCharacter.fbx using Guid(df38d25b6fd39b44eacfb4a2b784547c) Importer(815301076,1909f56bfc062723c751e8b465ee728b)  -> (artifact id: '10069bb477709054a1585620473f602f') in 0.077245 seconds
  Import took 0.079343 seconds .

========================================================================
Received Import Request.
  Time since last request: 1.578954 seconds.
  path: Assets/Imported_Assets/Models/Characters/Model/Materials
  artifactKey: Guid(4f010d013e9fb9448b4ce911e60c2e0e) Importer(815301076,1909f56bfc062723c751e8b465ee728b)
Start importing Assets/Imported_Assets/Models/Characters/Model/Materials using Guid(4f010d013e9fb9448b4ce911e60c2e0e) Importer(815301076,1909f56bfc062723c751e8b465ee728b)  -> (artifact id: '65ae928f12f4604a60cdec55f5e96358') in 0.003687 seconds
  Import took 0.006080 seconds .

========================================================================
Received Import Request.
  Time since last request: 0.001696 seconds.
  path: Assets/Imported_Assets/Models/Characters/Model/Materials
  artifactKey: Guid(4f010d013e9fb9448b4ce911e60c2e0e) Importer(815301076,1909f56bfc062723c751e8b465ee728b)
Start importing Assets/Imported_Assets/Models/Characters/Model/Materials using Guid(4f010d013e9fb9448b4ce911e60c2e0e) Importer(815301076,1909f56bfc062723c751e8b465ee728b)  -> (artifact id: '65ae928f12f4604a60cdec55f5e96358') in 0.003595 seconds
  Import took 0.005762 seconds .

========================================================================
Received Import Request.
  Time since last request: 0.050616 seconds.
  path: Assets/Imported_Assets/Models/Characters/Model/Materials/lambert.mat
  artifactKey: Guid(125660309d12757448c14ab7408a879f) Importer(815301076,1909f56bfc062723c751e8b465ee728b)
Start importing Assets/Imported_Assets/Models/Characters/Model/Materials/lambert.mat using Guid(125660309d12757448c14ab7408a879f) Importer(815301076,1909f56bfc062723c751e8b465ee728b)  -> (artifact id: '8c009158f5b4016bf8bf91ec94d18ee7') in 0.036492 seconds
  Import took 0.039164 seconds .

========================================================================
Received Import Request.
  Time since last request: 0.000704 seconds.
  path: Assets/Imported_Assets/Models/Characters/Model/Materials/lambert1.mat
  artifactKey: Guid(604f55c42b18cfb43ad964b7556affd5) Importer(815301076,1909f56bfc062723c751e8b465ee728b)
Start importing Assets/Imported_Assets/Models/Characters/Model/Materials/lambert1.mat using Guid(604f55c42b18cfb43ad964b7556affd5) Importer(815301076,1909f56bfc062723c751e8b465ee728b)  -> (artifact id: '326007eebdfdf00ad670d291a668ef46') in 0.015508 seconds
  Import took 0.018946 seconds .

========================================================================
Received Import Request.
  Time since last request: 8.652034 seconds.
  path: Assets/Imported_Assets/Models/Environment/fenceFortified.fbx
  artifactKey: Guid(f6bdd442116c44b40b55c7d7bb8975fc) Importer(815301076,1909f56bfc062723c751e8b465ee728b)
Start importing Assets/Imported_Assets/Models/Environment/fenceFortified.fbx using Guid(f6bdd442116c44b40b55c7d7bb8975fc) Importer(815301076,1909f56bfc062723c751e8b465ee728b)  -> (artifact id: '06bfbf6996fc385f00c0bf0712bfe294') in 0.031252 seconds
  Import took 0.033368 seconds .

========================================================================
Received Import Request.
  Time since last request: 0.000492 seconds.
  path: Assets/Imported_Assets/Models/Environment/rockA.fbx
  artifactKey: Guid(be7d08e7e84220b4b9956e6b00744459) Importer(815301076,1909f56bfc062723c751e8b465ee728b)
Start importing Assets/Imported_Assets/Models/Environment/rockA.fbx using Guid(be7d08e7e84220b4b9956e6b00744459) Importer(815301076,1909f56bfc062723c751e8b465ee728b)  -> (artifact id: 'f07fc8c40837f441d8024a67b05c8bd0') in 0.026193 seconds
  Import took 0.028502 seconds .

========================================================================
Received Import Request.
  Time since last request: 0.000384 seconds.
  path: Assets/Imported_Assets/Models/Environment/treeFall.fbx
  artifactKey: Guid(de5f2210f86cc7a46a9a04fdce4c706f) Importer(815301076,1909f56bfc062723c751e8b465ee728b)
Start importing Assets/Imported_Assets/Models/Environment/treeFall.fbx using Guid(de5f2210f86cc7a46a9a04fdce4c706f) Importer(815301076,1909f56bfc062723c751e8b465ee728b)  -> (artifact id: '6054cdb50f60b48750ed05713fc28c2f') in 0.046380 seconds
  Import took 0.048409 seconds .

========================================================================
Received Import Request.
  Time since last request: 0.000330 seconds.
  path: Assets/Imported_Assets/Models/Environment/rockFlatGrass.fbx
  artifactKey: Guid(af79aef95432d704b80ade6b74cfe071) Importer(815301076,1909f56bfc062723c751e8b465ee728b)
Start importing Assets/Imported_Assets/Models/Environment/rockFlatGrass.fbx using Guid(af79aef95432d704b80ade6b74cfe071) Importer(815301076,1909f56bfc062723c751e8b465ee728b)  -> (artifact id: '92d102b654b9ffadb58285d6ce82a4df') in 0.032593 seconds
  Import took 0.034722 seconds .

========================================================================
Received Import Request.
  Time since last request: 0.000374 seconds.
  path: Assets/Imported_Assets/Models/Environment/rockC.fbx
  artifactKey: Guid(c857f17884770d7428071f4456043e10) Importer(815301076,1909f56bfc062723c751e8b465ee728b)
Start importing Assets/Imported_Assets/Models/Environment/rockC.fbx using Guid(c857f17884770d7428071f4456043e10) Importer(815301076,1909f56bfc062723c751e8b465ee728b)  -> (artifact id: '4187c7e76d6d1c1c56f04bbbd80b33a7') in 0.031890 seconds
  Import took 0.034203 seconds .

========================================================================
Received Import Request.
  Time since last request: 0.000383 seconds.
  path: Assets/Imported_Assets/Models/Environment/grass.fbx
  artifactKey: Guid(77f90508e24cd484093120b092f0783d) Importer(815301076,1909f56bfc062723c751e8b465ee728b)
Start importing Assets/Imported_Assets/Models/Environment/grass.fbx using Guid(77f90508e24cd484093120b092f0783d) Importer(815301076,1909f56bfc062723c751e8b465ee728b)  -> (artifact id: 'cdd38883d0690de48e3ad3dde8205e5d') in 0.026436 seconds
  Import took 0.028497 seconds .

========================================================================
Received Import Request.
  Time since last request: 0.000396 seconds.
  path: Assets/Imported_Assets/Models/Environment/grassLarge.fbx
  artifactKey: Guid(b415b5790aaef194ca8199a727f0a9b1) Importer(815301076,1909f56bfc062723c751e8b465ee728b)
Start importing Assets/Imported_Assets/Models/Environment/grassLarge.fbx using Guid(b415b5790aaef194ca8199a727f0a9b1) Importer(815301076,1909f56bfc062723c751e8b465ee728b)  -> (artifact id: 'f5127a4364a79bc244d4d0a9b7da420e') in 0.029946 seconds
  Import took 0.054810 seconds .

========================================================================
Received Import Request.
  Time since last request: 0.000757 seconds.
  path: Assets/Imported_Assets/Models/Environment/rockB.fbx
  artifactKey: Guid(73e5a061b7b57674794508b6f3c1bd6c) Importer(815301076,1909f56bfc062723c751e8b465ee728b)
Start importing Assets/Imported_Assets/Models/Environment/rockB.fbx using Guid(73e5a061b7b57674794508b6f3c1bd6c) Importer(815301076,1909f56bfc062723c751e8b465ee728b)  -> (artifact id: '8a2bb04e65fc3059463fe67dcaa9c730') in 0.028377 seconds
  Import took 0.030877 seconds .

========================================================================
Received Import Request.
  Time since last request: 0.000349 seconds.
  path: Assets/Imported_Assets/Models/Environment/tree.fbx
  artifactKey: Guid(a78a6cd12991b0848b482c3594b35fb1) Importer(815301076,1909f56bfc062723c751e8b465ee728b)
Start importing Assets/Imported_Assets/Models/Environment/tree.fbx using Guid(a78a6cd12991b0848b482c3594b35fb1) Importer(815301076,1909f56bfc062723c751e8b465ee728b)  -> (artifact id: '7b895f3fa276ebe10638b7b5d3a526c7') in 0.032189 seconds
  Import took 0.034277 seconds .

========================================================================
Received Import Request.
  Time since last request: 71.228910 seconds.
  path: ProjectSettings/TagManager.asset
  artifactKey: Guid(00000000000000003000000000000000) Importer(815301076,1909f56bfc062723c751e8b465ee728b)
Start importing ProjectSettings/TagManager.asset using Guid(00000000000000003000000000000000) Importer(815301076,1909f56bfc062723c751e8b465ee728b)  -> (artifact id: '4e1ade904f8483502412a943970edefa') in 0.008582 seconds
  Import took 0.011111 seconds .

========================================================================
Received Import Request.
  Time since last request: 27.746740 seconds.
  path: Assets/Scenes/SampleScene.unity
  artifactKey: Guid(9fc0d4010bbf28b4594072e72b8655ab) Importer(815301076,1909f56bfc062723c751e8b465ee728b)
Start importing Assets/Scenes/SampleScene.unity using Guid(9fc0d4010bbf28b4594072e72b8655ab) Importer(815301076,1909f56bfc062723c751e8b465ee728b)  -> (artifact id: '9a0c7bd3eade52b464e03a3fa19ccb01') in 0.006892 seconds
  Import took 0.009917 seconds .

========================================================================
Received Import Request.
  Time since last request: 33.736946 seconds.
  path: Assets/Scenes/Battle.unity
  artifactKey: Guid(9fc0d4010bbf28b4594072e72b8655ab) Importer(815301076,1909f56bfc062723c751e8b465ee728b)
Start importing Assets/Scenes/Battle.unity using Guid(9fc0d4010bbf28b4594072e72b8655ab) Importer(815301076,1909f56bfc062723c751e8b465ee728b)  -> (artifact id: 'a32023f14b758e5b6c638f5b352da8bf') in 0.007345 seconds
  Import took 0.010055 seconds .

========================================================================
Received Import Request.
  Time since last request: 0.003675 seconds.
  path: Assets/Scenes/Battle.unity
  artifactKey: Guid(9fc0d4010bbf28b4594072e72b8655ab) Importer(815301076,1909f56bfc062723c751e8b465ee728b)
Start importing Assets/Scenes/Battle.unity using Guid(9fc0d4010bbf28b4594072e72b8655ab) Importer(815301076,1909f56bfc062723c751e8b465ee728b)  -> (artifact id: 'a32023f14b758e5b6c638f5b352da8bf') in 0.004517 seconds
  Import took 0.007604 seconds .

========================================================================
Received Import Request.
  Time since last request: 60.559894 seconds.
  path: Assets/Materials/Ground.mat
  artifactKey: Guid(3b52746a2729cb84aa706aec2214adc5) Importer(815301076,1909f56bfc062723c751e8b465ee728b)
Start importing Assets/Materials/Ground.mat using Guid(3b52746a2729cb84aa706aec2214adc5) Importer(815301076,1909f56bfc062723c751e8b465ee728b)  -> (artifact id: 'af7dd3b89ad080f477229ac77a5cf6a3') in 0.016456 seconds
  Import took 0.041519 seconds .

========================================================================
Received Import Request.
  Time since last request: 737.233147 seconds.
  path: Assets/Imported_Assets/Models/Characters/Material/Advanced
  artifactKey: Guid(c3d79dd8323971941a28bc3afabeac41) Importer(815301076,1909f56bfc062723c751e8b465ee728b)
Start importing Assets/Imported_Assets/Models/Characters/Material/Advanced using Guid(c3d79dd8323971941a28bc3afabeac41) Importer(815301076,1909f56bfc062723c751e8b465ee728b)  -> (artifact id: 'd07b3580e4f18cafae37afd0dfe0e56a') in 0.004392 seconds
  Import took 0.006738 seconds .

========================================================================
Received Import Request.
  Time since last request: 0.066473 seconds.
  path: Assets/Imported_Assets/Models/Characters/Material/Advanced/skin_adventurer.mat
  artifactKey: Guid(5a93608b3e08a0f43b28b75f42ad8e06) Importer(815301076,1909f56bfc062723c751e8b465ee728b)
Start importing Assets/Imported_Assets/Models/Characters/Material/Advanced/skin_adventurer.mat using Guid(5a93608b3e08a0f43b28b75f42ad8e06) Importer(815301076,1909f56bfc062723c751e8b465ee728b)  -> (artifact id: 'e061caf12896676dcad7153008467f08') in 0.018767 seconds
  Import took 0.021085 seconds .

========================================================================
Received Import Request.
  Time since last request: 0.000276 seconds.
  path: Assets/Imported_Assets/Models/Characters/Material/Advanced/skin_woman.mat
  artifactKey: Guid(78ca43db30d83f548b74cbf3dfb1e8aa) Importer(815301076,1909f56bfc062723c751e8b465ee728b)
Start importing Assets/Imported_Assets/Models/Characters/Material/Advanced/skin_woman.mat using Guid(78ca43db30d83f548b74cbf3dfb1e8aa) Importer(815301076,1909f56bfc062723c751e8b465ee728b)  -> (artifact id: 'fd3c5b4639ce6586564bdd338841d7ce') in 0.014901 seconds
  Import took 0.018161 seconds .

========================================================================
Received Import Request.
  Time since last request: 0.000362 seconds.
  path: Assets/Imported_Assets/Models/Characters/Material/Advanced/skin_orc.mat
  artifactKey: Guid(c6813dda0c64cb34f8e4a9f4caf00c86) Importer(815301076,1909f56bfc062723c751e8b465ee728b)
Start importing Assets/Imported_Assets/Models/Characters/Material/Advanced/skin_orc.mat using Guid(c6813dda0c64cb34f8e4a9f4caf00c86) Importer(815301076,1909f56bfc062723c751e8b465ee728b)  -> (artifact id: '1c8cd06bbc713a742e2a9b561662f344') in 0.086208 seconds
  Import took 0.088383 seconds .

========================================================================
Received Import Request.
  Time since last request: 0.000440 seconds.
  path: Assets/Imported_Assets/Models/Characters/Material/Advanced/skin_manAlternative.mat
  artifactKey: Guid(e74499fe3dcb6214a9940679f94cf087) Importer(815301076,1909f56bfc062723c751e8b465ee728b)
Start importing Assets/Imported_Assets/Models/Characters/Material/Advanced/skin_manAlternative.mat using Guid(e74499fe3dcb6214a9940679f94cf087) Importer(815301076,1909f56bfc062723c751e8b465ee728b)  -> (artifact id: '737f20127f463fbe2f290237a6b5ed4d') in 0.016523 seconds
  Import took 0.018712 seconds .

========================================================================
Received Import Request.
  Time since last request: 0.000381 seconds.
  path: Assets/Imported_Assets/Models/Characters/Material/Advanced/skin_woman.png
  artifactKey: Guid(24a71f68df099a74f8c50948043d7ff5) Importer(815301076,1909f56bfc062723c751e8b465ee728b)
Start importing Assets/Imported_Assets/Models/Characters/Material/Advanced/skin_woman.png using Guid(24a71f68df099a74f8c50948043d7ff5) Importer(815301076,1909f56bfc062723c751e8b465ee728b)  -> (artifact id: 'e3639ec1d2dc9d87ad97864e6e2d1447') in 0.013313 seconds
  Import took 0.015385 seconds .

========================================================================
Received Import Request.
  Time since last request: 0.000349 seconds.
  path: Assets/Imported_Assets/Models/Characters/Material/Advanced/skin_robot.png
  artifactKey: Guid(14dc97ae143d5254cbdd1566ecade7fd) Importer(815301076,1909f56bfc062723c751e8b465ee728b)
Start importing Assets/Imported_Assets/Models/Characters/Material/Advanced/skin_robot.png using Guid(14dc97ae143d5254cbdd1566ecade7fd) Importer(815301076,1909f56bfc062723c751e8b465ee728b)  -> (artifact id: 'f1877fd55c23bd25b39d4a63390d9e5d') in 0.018062 seconds
  Import took 0.020166 seconds .

========================================================================
Received Import Request.
  Time since last request: 0.000458 seconds.
  path: Assets/Imported_Assets/Models/Characters/Material/Advanced/skin_manAlternative.png
  artifactKey: Guid(c14560c1a9ee75549b75cf9bf07d4a9e) Importer(815301076,1909f56bfc062723c751e8b465ee728b)
Start importing Assets/Imported_Assets/Models/Characters/Material/Advanced/skin_manAlternative.png using Guid(c14560c1a9ee75549b75cf9bf07d4a9e) Importer(815301076,1909f56bfc062723c751e8b465ee728b)  -> (artifact id: 'd5fdcf1111c5284257bd4b40cfd004eb') in 0.028207 seconds
  Import took 0.031879 seconds .

========================================================================
Received Import Request.
  Time since last request: 0.000455 seconds.
  path: Assets/Imported_Assets/Models/Characters/Material/Advanced/skin_man.png
  artifactKey: Guid(7a362ccd7f7207a43a886cc38bd0dc88) Importer(815301076,1909f56bfc062723c751e8b465ee728b)
Start importing Assets/Imported_Assets/Models/Characters/Material/Advanced/skin_man.png using Guid(7a362ccd7f7207a43a886cc38bd0dc88) Importer(815301076,1909f56bfc062723c751e8b465ee728b)  -> (artifact id: '5f053c271ae83325020b0d5660b46ff0') in 0.020959 seconds
  Import took 0.024272 seconds .

========================================================================
Received Import Request.
  Time since last request: 0.000357 seconds.
  path: Assets/Imported_Assets/Models/Characters/Material/Advanced/skin_orc.png
  artifactKey: Guid(1ae6227564e7ab247b098b123ca30461) Importer(815301076,1909f56bfc062723c751e8b465ee728b)
Start importing Assets/Imported_Assets/Models/Characters/Material/Advanced/skin_orc.png using Guid(1ae6227564e7ab247b098b123ca30461) Importer(815301076,1909f56bfc062723c751e8b465ee728b)  -> (artifact id: '1d3d2a8be4f97c979c03562c683cdf1a') in 0.015950 seconds
  Import took 0.018011 seconds .

========================================================================
Received Import Request.
  Time since last request: 0.000423 seconds.
  path: Assets/Imported_Assets/Models/Characters/Material/Advanced/skin_soldier.mat
  artifactKey: Guid(032ce1fbf28bb5c4aad37d379b23abd3) Importer(815301076,1909f56bfc062723c751e8b465ee728b)
Start importing Assets/Imported_Assets/Models/Characters/Material/Advanced/skin_soldier.mat using Guid(032ce1fbf28bb5c4aad37d379b23abd3) Importer(815301076,1909f56bfc062723c751e8b465ee728b)  -> (artifact id: '8a9c6c411d7209f71e733f9b90fef360') in 0.016402 seconds
  Import took 0.018588 seconds .

========================================================================
Received Import Request.
  Time since last request: 0.000400 seconds.
  path: Assets/Imported_Assets/Models/Characters/Material/Advanced/skin_womanAlternative.png
  artifactKey: Guid(6e3d5aa2d42bdd54ca9043176eb6da78) Importer(815301076,1909f56bfc062723c751e8b465ee728b)
Start importing Assets/Imported_Assets/Models/Characters/Material/Advanced/skin_womanAlternative.png using Guid(6e3d5aa2d42bdd54ca9043176eb6da78) Importer(815301076,1909f56bfc062723c751e8b465ee728b)  -> (artifact id: 'c4f31fdd568c59d5ab6f5e0e8981c529') in 0.012663 seconds
  Import took 0.014898 seconds .

========================================================================
Received Import Request.
  Time since last request: 0.000472 seconds.
  path: Assets/Imported_Assets/Models/Characters/Material/Advanced/skin_adventurer.png
  artifactKey: Guid(da80eeb08afc2d44393ca0c3ccb450ef) Importer(815301076,1909f56bfc062723c751e8b465ee728b)
Start importing Assets/Imported_Assets/Models/Characters/Material/Advanced/skin_adventurer.png using Guid(da80eeb08afc2d44393ca0c3ccb450ef) Importer(815301076,1909f56bfc062723c751e8b465ee728b)  -> (artifact id: '6d4789270737c359ed29cee5c996cde6') in 0.011287 seconds
  Import took 0.014175 seconds .

========================================================================
Received Import Request.
  Time since last request: 0.000521 seconds.
  path: Assets/Imported_Assets/Models/Characters/Material/Advanced/skin_soldier.png
  artifactKey: Guid(5b175598215bfd44180be04c79b3fafc) Importer(815301076,1909f56bfc062723c751e8b465ee728b)
Start importing Assets/Imported_Assets/Models/Characters/Material/Advanced/skin_soldier.png using Guid(5b175598215bfd44180be04c79b3fafc) Importer(815301076,1909f56bfc062723c751e8b465ee728b)  -> (artifact id: '5295a44b4579f0e93829428ed34ab079') in 0.011984 seconds
  Import took 0.014501 seconds .

========================================================================
Received Import Request.
  Time since last request: 0.000287 seconds.
  path: Assets/Imported_Assets/Models/Characters/Material/Advanced/skin_man.mat
  artifactKey: Guid(8beec0b0169cc9a459e8012a8cb16edc) Importer(815301076,1909f56bfc062723c751e8b465ee728b)
Start importing Assets/Imported_Assets/Models/Characters/Material/Advanced/skin_man.mat using Guid(8beec0b0169cc9a459e8012a8cb16edc) Importer(815301076,1909f56bfc062723c751e8b465ee728b)  -> (artifact id: 'b6697b28434f307e1a62c898912934d7') in 0.014941 seconds
  Import took 0.017529 seconds .

========================================================================
Received Import Request.
  Time since last request: 0.000368 seconds.
  path: Assets/Imported_Assets/Models/Characters/Material/Advanced/skin_womanAlternative.mat
  artifactKey: Guid(d78ae75865bb57b4e84724e915e80669) Importer(815301076,1909f56bfc062723c751e8b465ee728b)
Start importing Assets/Imported_Assets/Models/Characters/Material/Advanced/skin_womanAlternative.mat using Guid(d78ae75865bb57b4e84724e915e80669) Importer(815301076,1909f56bfc062723c751e8b465ee728b)  -> (artifact id: '231d5d07464f1e436bf2608883cf2223') in 0.012475 seconds
  Import took 0.014645 seconds .

========================================================================
Received Import Request.
  Time since last request: 0.000426 seconds.
  path: Assets/Imported_Assets/Models/Characters/Material/Advanced/skin_robot.mat
  artifactKey: Guid(0539cb79729d97f439f8eef69eeff41a) Importer(815301076,1909f56bfc062723c751e8b465ee728b)
Start importing Assets/Imported_Assets/Models/Characters/Material/Advanced/skin_robot.mat using Guid(0539cb79729d97f439f8eef69eeff41a) Importer(815301076,1909f56bfc062723c751e8b465ee728b)  -> (artifact id: '00eeefb7c1927d8fe789dce024d9e6c0') in 0.016213 seconds
  Import took 0.018609 seconds .

========================================================================
Received Import Request.
  Time since last request: 118.468526 seconds.
  path: Assets/Scripts/Characters
  artifactKey: Guid(38d6e95563bee164aac3c7eed23611b0) Importer(815301076,1909f56bfc062723c751e8b465ee728b)
Start importing Assets/Scripts/Characters using Guid(38d6e95563bee164aac3c7eed23611b0) Importer(815301076,1909f56bfc062723c751e8b465ee728b)  -> (artifact id: 'dba18b5e40b36b17e22c4e885afb9b9f') in 0.005136 seconds
  Import took 0.028122 seconds .

========================================================================
Received Import Request.
  Time since last request: 28.382656 seconds.
  path: Assets/Scripts/Characters/Character.cs
  artifactKey: Guid(4dab56fc41e8c64458a945762fd21fa0) Importer(815301076,1909f56bfc062723c751e8b465ee728b)
Start importing Assets/Scripts/Characters/Character.cs using Guid(4dab56fc41e8c64458a945762fd21fa0) Importer(815301076,1909f56bfc062723c751e8b465ee728b)  -> (artifact id: 'e2f76246c9e3b40b1ef7262b3c003927') in 0.008036 seconds
  Import took 0.010774 seconds .

========================================================================
Received Prepare
Registering precompiled user dll's ...
Registered in 0.000647 seconds.
Begin MonoManager ReloadAssembly
Native extension for WindowsStandalone target not found
Native extension for WebGL target not found
Refreshing native plugins compatible for Editor in 0.22 ms, found 0 plugins.
Preloading 0 native plugins for Editor in 0.00 ms.
Invoked RoslynAnalysisRunner static constructor.
RoslynAnalysisRunner will not be running.
RoslynAnalysisRunner has terminated.
Mono: successfully reloaded assembly
- Completed reload, in  0.670 seconds
Platform modules already initialized, skipping
Refreshing native plugins compatible for Editor in 0.21 ms, found 0 plugins.
Preloading 0 native plugins for Editor in 0.00 ms.
Unloading 1109 Unused Serialized files (Serialized files now loaded: 0)
System memory in use before: 74.5 MB.
System memory in use after: 74.6 MB.

Unloading 6 unused Assets to reduce memory usage. Loaded Objects now: 1609.
Total: 2.088400 ms (FindLiveObjects: 0.257100 ms CreateObjectMapping: 0.067700 ms MarkObjects: 1.708600 ms  DeleteObjects: 0.052600 ms)

========================================================================
Received Import Request.
  Time since last request: 9.529448 seconds.
  path: Assets/Scripts/Characters/CharacterEffects.cs
  artifactKey: Guid(ac29ecb2bd180c9418fd1915c4f23b21) Importer(815301076,1909f56bfc062723c751e8b465ee728b)
Start importing Assets/Scripts/Characters/CharacterEffects.cs using Guid(ac29ecb2bd180c9418fd1915c4f23b21) Importer(815301076,1909f56bfc062723c751e8b465ee728b)  -> (artifact id: 'e589a057754e91b526eb012a02ea1b66') in 0.007295 seconds
  Import took 0.009423 seconds .

========================================================================
Received Prepare
Registering precompiled user dll's ...
Registered in 0.000897 seconds.
Begin MonoManager ReloadAssembly
Native extension for WindowsStandalone target not found
Native extension for WebGL target not found
Refreshing native plugins compatible for Editor in 0.22 ms, found 0 plugins.
Preloading 0 native plugins for Editor in 0.00 ms.
Invoked RoslynAnalysisRunner static constructor.
RoslynAnalysisRunner will not be running.
RoslynAnalysisRunner has terminated.
Mono: successfully reloaded assembly
- Completed reload, in  0.680 seconds
Platform modules already initialized, skipping
Refreshing native plugins compatible for Editor in 0.21 ms, found 0 plugins.
Preloading 0 native plugins for Editor in 0.00 ms.
Unloading 1110 Unused Serialized files (Serialized files now loaded: 0)
System memory in use before: 74.6 MB.
System memory in use after: 74.7 MB.

Unloading 5 unused Assets to reduce memory usage. Loaded Objects now: 1613.
Total: 1.888500 ms (FindLiveObjects: 0.215500 ms CreateObjectMapping: 0.051500 ms MarkObjects: 1.563600 ms  DeleteObjects: 0.055900 ms)

========================================================================
Received Import Request.
  Time since last request: 32.878318 seconds.
  path: Assets/Scripts/Characters/CaracterUI.cs
  artifactKey: Guid(f0d91b008899b4c44b400f3dd996e8ff) Importer(815301076,1909f56bfc062723c751e8b465ee728b)
Start importing Assets/Scripts/Characters/CaracterUI.cs using Guid(f0d91b008899b4c44b400f3dd996e8ff) Importer(815301076,1909f56bfc062723c751e8b465ee728b)  -> (artifact id: '66371683de0639b0fef1fac7372b1f34') in 0.008190 seconds
  Import took 0.011292 seconds .

========================================================================
Received Prepare
Registering precompiled user dll's ...
Registered in 0.000711 seconds.
Begin MonoManager ReloadAssembly
Native extension for WindowsStandalone target not found
Native extension for WebGL target not found
Refreshing native plugins compatible for Editor in 0.23 ms, found 0 plugins.
Preloading 0 native plugins for Editor in 0.00 ms.
Invoked RoslynAnalysisRunner static constructor.
RoslynAnalysisRunner will not be running.
RoslynAnalysisRunner has terminated.
Mono: successfully reloaded assembly
- Completed reload, in  0.698 seconds
Platform modules already initialized, skipping
Refreshing native plugins compatible for Editor in 0.22 ms, found 0 plugins.
Preloading 0 native plugins for Editor in 0.00 ms.
Unloading 1111 Unused Serialized files (Serialized files now loaded: 0)
System memory in use before: 74.6 MB.
System memory in use after: 74.7 MB.

Unloading 5 unused Assets to reduce memory usage. Loaded Objects now: 1617.
Total: 2.229500 ms (FindLiveObjects: 0.205300 ms CreateObjectMapping: 0.028900 ms MarkObjects: 1.928500 ms  DeleteObjects: 0.064400 ms)

========================================================================
Received Prepare
Registering precompiled user dll's ...
Registered in 0.000735 seconds.
Begin MonoManager ReloadAssembly
Native extension for WindowsStandalone target not found
Native extension for WebGL target not found
Refreshing native plugins compatible for Editor in 0.22 ms, found 0 plugins.
Preloading 0 native plugins for Editor in 0.00 ms.
Invoked RoslynAnalysisRunner static constructor.
RoslynAnalysisRunner will not be running.
RoslynAnalysisRunner has terminated.
Mono: successfully reloaded assembly
- Completed reload, in  0.718 seconds
Platform modules already initialized, skipping
Refreshing native plugins compatible for Editor in 0.22 ms, found 0 plugins.
Preloading 0 native plugins for Editor in 0.00 ms.
Unloading 1110 Unused Serialized files (Serialized files now loaded: 0)
System memory in use before: 74.6 MB.
System memory in use after: 74.7 MB.

Unloading 6 unused Assets to reduce memory usage. Loaded Objects now: 1619.
Total: 2.646700 ms (FindLiveObjects: 0.444400 ms CreateObjectMapping: 0.071400 ms MarkObjects: 2.048900 ms  DeleteObjects: 0.080100 ms)

========================================================================
Received Import Request.
  Time since last request: 17.356480 seconds.
  path: Assets/Scripts/Characters/CharacterUI.cs
  artifactKey: Guid(4e359dfcb809e7142a30ac75532d1e70) Importer(815301076,1909f56bfc062723c751e8b465ee728b)
Start importing Assets/Scripts/Characters/CharacterUI.cs using Guid(4e359dfcb809e7142a30ac75532d1e70) Importer(815301076,1909f56bfc062723c751e8b465ee728b)  -> (artifact id: '65210cb9bc87f0a93e614c9bce2d6563') in 0.010202 seconds
  Import took 0.012557 seconds .

========================================================================
Received Prepare
Registering precompiled user dll's ...
Registered in 0.000683 seconds.
Begin MonoManager ReloadAssembly
Native extension for WindowsStandalone target not found
Native extension for WebGL target not found
Refreshing native plugins compatible for Editor in 0.42 ms, found 0 plugins.
Preloading 0 native plugins for Editor in 0.00 ms.
Invoked RoslynAnalysisRunner static constructor.
RoslynAnalysisRunner will not be running.
RoslynAnalysisRunner has terminated.
Mono: successfully reloaded assembly
- Completed reload, in  0.692 seconds
Platform modules already initialized, skipping
Refreshing native plugins compatible for Editor in 0.22 ms, found 0 plugins.
Preloading 0 native plugins for Editor in 0.00 ms.
Unloading 1111 Unused Serialized files (Serialized files now loaded: 0)
System memory in use before: 74.6 MB.
System memory in use after: 74.7 MB.

Unloading 5 unused Assets to reduce memory usage. Loaded Objects now: 1623.
Total: 1.703000 ms (FindLiveObjects: 0.192400 ms CreateObjectMapping: 0.038400 ms MarkObjects: 1.413500 ms  DeleteObjects: 0.057400 ms)

========================================================================
Received Import Request.
  Time since last request: 178.458616 seconds.
  path: Assets/Materials/Ground.mat
  artifactKey: Guid(3b52746a2729cb84aa706aec2214adc5) Importer(815301076,1909f56bfc062723c751e8b465ee728b)
Start importing Assets/Materials/Ground.mat using Guid(3b52746a2729cb84aa706aec2214adc5) Importer(815301076,1909f56bfc062723c751e8b465ee728b)  -> (artifact id: '5b756489726ac459bd2b93a48a54f58a') in 0.054288 seconds
  Import took 0.056350 seconds .

========================================================================
Received Import Request.
  Time since last request: 14.408289 seconds.
  path: Assets/Materials/CharacterSelectionVisual.mat
  artifactKey: Guid(5924f169d07a35e4195bdc0988cc52c6) Importer(815301076,1909f56bfc062723c751e8b465ee728b)
Start importing Assets/Materials/CharacterSelectionVisual.mat using Guid(5924f169d07a35e4195bdc0988cc52c6) Importer(815301076,1909f56bfc062723c751e8b465ee728b)  -> (artifact id: '2bcd6d4dc009c0d83bd529a9d2214972') in 0.012861 seconds
  Import took 0.014934 seconds .

========================================================================
Received Import Request.
  Time since last request: 13.201636 seconds.
  path: Assets/Imported_Assets/Models/Characters/Material/Basic/skin_adventurer.png
  artifactKey: Guid(b192ea00f2d79114b888108dfa9c9e68) Importer(815301076,1909f56bfc062723c751e8b465ee728b)
Start importing Assets/Imported_Assets/Models/Characters/Material/Basic/skin_adventurer.png using Guid(b192ea00f2d79114b888108dfa9c9e68) Importer(815301076,1909f56bfc062723c751e8b465ee728b)  -> (artifact id: 'c7f3d47caf24c142a2cb0d2b9a266d86') in 0.015619 seconds
  Import took 0.018003 seconds .

========================================================================
Received Import Request.
  Time since last request: 0.000323 seconds.
  path: Assets/Imported_Assets/Models/Characters/Material/Basic/skin_robot.png
  artifactKey: Guid(d47330ede03b664488639eea85348651) Importer(815301076,1909f56bfc062723c751e8b465ee728b)
Start importing Assets/Imported_Assets/Models/Characters/Material/Basic/skin_robot.png using Guid(d47330ede03b664488639eea85348651) Importer(815301076,1909f56bfc062723c751e8b465ee728b)  -> (artifact id: '8b3adcafecc8668f0eddcf8e14d56219') in 0.013613 seconds
  Import took 0.043274 seconds .

========================================================================
Received Import Request.
  Time since last request: 0.000895 seconds.
  path: Assets/Imported_Assets/Models/Characters/Material/Basic/skin_adventurer.png
  artifactKey: Guid(b192ea00f2d79114b888108dfa9c9e68) Importer(815301076,1909f56bfc062723c751e8b465ee728b)
Start importing Assets/Imported_Assets/Models/Characters/Material/Basic/skin_adventurer.png using Guid(b192ea00f2d79114b888108dfa9c9e68) Importer(815301076,1909f56bfc062723c751e8b465ee728b)  -> (artifact id: 'c7f3d47caf24c142a2cb0d2b9a266d86') in 0.012491 seconds
  Import took 0.015990 seconds .

========================================================================
Received Import Request.
  Time since last request: 0.000679 seconds.
  path: Assets/Imported_Assets/Models/Characters/Material/Basic/skin_woman.png
  artifactKey: Guid(7f2ea1c5ae1faef44ae080e742a75169) Importer(815301076,1909f56bfc062723c751e8b465ee728b)
Start importing Assets/Imported_Assets/Models/Characters/Material/Basic/skin_woman.png using Guid(7f2ea1c5ae1faef44ae080e742a75169) Importer(815301076,1909f56bfc062723c751e8b465ee728b)  -> (artifact id: 'a96466aad82a99bfd1a4bb5b4f9d7576') in 0.009026 seconds
  Import took 0.012441 seconds .

========================================================================
Received Import Request.
  Time since last request: 0.000545 seconds.
  path: Assets/Imported_Assets/Models/Characters/Material/Basic/skin_soldier.png
  artifactKey: Guid(4981c6928ed27c6489fd2302c9a6154b) Importer(815301076,1909f56bfc062723c751e8b465ee728b)
Start importing Assets/Imported_Assets/Models/Characters/Material/Basic/skin_soldier.png using Guid(4981c6928ed27c6489fd2302c9a6154b) Importer(815301076,1909f56bfc062723c751e8b465ee728b)  -> (artifact id: 'a8b1303ca5c3e0146cbd2f1f8bfeaade') in 0.031328 seconds
  Import took 0.035564 seconds .

========================================================================
Received Import Request.
  Time since last request: 0.000432 seconds.
  path: Assets/Imported_Assets/Models/Characters/Material/Basic/skin_manAlternative.png
  artifactKey: Guid(b9cc9c84c75afb54686bd42963d567e4) Importer(815301076,1909f56bfc062723c751e8b465ee728b)
Start importing Assets/Imported_Assets/Models/Characters/Material/Basic/skin_manAlternative.png using Guid(b9cc9c84c75afb54686bd42963d567e4) Importer(815301076,1909f56bfc062723c751e8b465ee728b)  -> (artifact id: 'b6e1ee62668f461864c1fcf5b904ad83') in 0.009145 seconds
  Import took 0.011343 seconds .

========================================================================
Received Import Request.
  Time since last request: 0.000456 seconds.
  path: Assets/Imported_Assets/Models/Characters/Material/Basic/skin_orc.png
  artifactKey: Guid(fa21043c1176c6649ae6b7e73665eda3) Importer(815301076,1909f56bfc062723c751e8b465ee728b)
Start importing Assets/Imported_Assets/Models/Characters/Material/Basic/skin_orc.png using Guid(fa21043c1176c6649ae6b7e73665eda3) Importer(815301076,1909f56bfc062723c751e8b465ee728b)  -> (artifact id: 'd458479b90918e4ae113d8c26aca6bc3') in 0.009830 seconds
  Import took 0.012989 seconds .

========================================================================
Received Import Request.
  Time since last request: 0.000560 seconds.
  path: Assets/Imported_Assets/Models/Characters/Material/Basic/skin_womanAlternative.png
  artifactKey: Guid(416d50f732c69834eb645990200d5a19) Importer(815301076,1909f56bfc062723c751e8b465ee728b)
Start importing Assets/Imported_Assets/Models/Characters/Material/Basic/skin_womanAlternative.png using Guid(416d50f732c69834eb645990200d5a19) Importer(815301076,1909f56bfc062723c751e8b465ee728b)  -> (artifact id: '90370420e7cfccd98cbc2add73e8b50e') in 0.011291 seconds
  Import took 0.013913 seconds .

========================================================================
Received Import Request.
  Time since last request: 0.000370 seconds.
  path: Assets/Imported_Assets/Models/Characters/Material/Basic/skin_man.png
  artifactKey: Guid(d07088bf6dc03be4bb744298b1bdb839) Importer(815301076,1909f56bfc062723c751e8b465ee728b)
Start importing Assets/Imported_Assets/Models/Characters/Material/Basic/skin_man.png using Guid(d07088bf6dc03be4bb744298b1bdb839) Importer(815301076,1909f56bfc062723c751e8b465ee728b)  -> (artifact id: 'f5a1d00358d0573959090dec08131d75') in 0.012722 seconds
  Import took 0.015213 seconds .

========================================================================
Received Import Request.
  Time since last request: 0.015429 seconds.
  path: Assets/Imported_Assets/Models/Characters/Material/Basic/skin_womanAlternative.png
  artifactKey: Guid(416d50f732c69834eb645990200d5a19) Importer(815301076,1909f56bfc062723c751e8b465ee728b)
Start importing Assets/Imported_Assets/Models/Characters/Material/Basic/skin_womanAlternative.png using Guid(416d50f732c69834eb645990200d5a19) Importer(815301076,1909f56bfc062723c751e8b465ee728b)  -> (artifact id: '90370420e7cfccd98cbc2add73e8b50e') in 0.011440 seconds
  Import took 0.014056 seconds .

========================================================================
Received Import Request.
  Time since last request: 95.649325 seconds.
  path: Assets/Materials/CharacterSelectionVisual.mat
  artifactKey: Guid(5924f169d07a35e4195bdc0988cc52c6) Importer(815301076,1909f56bfc062723c751e8b465ee728b)
Start importing Assets/Materials/CharacterSelectionVisual.mat using Guid(5924f169d07a35e4195bdc0988cc52c6) Importer(815301076,1909f56bfc062723c751e8b465ee728b)  -> (artifact id: '99468165c40a6de163151e8c83bda91e') in 0.026747 seconds
  Import took 0.029266 seconds .

========================================================================
Received Prepare
Registering precompiled user dll's ...
Registered in 0.000801 seconds.
Begin MonoManager ReloadAssembly
Native extension for WindowsStandalone target not found
Native extension for WebGL target not found
Refreshing native plugins compatible for Editor in 0.23 ms, found 0 plugins.
Preloading 0 native plugins for Editor in 0.00 ms.
Invoked RoslynAnalysisRunner static constructor.
RoslynAnalysisRunner will not be running.
RoslynAnalysisRunner has terminated.
Mono: successfully reloaded assembly
- Completed reload, in  0.716 seconds
Platform modules already initialized, skipping
Refreshing native plugins compatible for Editor in 0.24 ms, found 0 plugins.
Preloading 0 native plugins for Editor in 0.00 ms.
Unloading 1124 Unused Serialized files (Serialized files now loaded: 0)
System memory in use before: 76.3 MB.
System memory in use after: 75.8 MB.

Unloading 18 unused Assets to reduce memory usage. Loaded Objects now: 1627.
Total: 2.679700 ms (FindLiveObjects: 0.197400 ms CreateObjectMapping: 0.035700 ms MarkObjects: 2.078700 ms  DeleteObjects: 0.366700 ms)

========================================================================
Received Import Request.
  Time since last request: 8398.716455 seconds.
  path: Assets/Scripts/Characters/DamageFlash.cs
  artifactKey: Guid(b4e636787a5eecd49ad53c149c3ee339) Importer(815301076,1909f56bfc062723c751e8b465ee728b)
Start importing Assets/Scripts/Characters/DamageFlash.cs using Guid(b4e636787a5eecd49ad53c149c3ee339) Importer(815301076,1909f56bfc062723c751e8b465ee728b)  -> (artifact id: '55986859ffd733ae2dcc155a3a839389') in 0.007607 seconds
  Import took 0.010457 seconds .

========================================================================
Received Prepare
Registering precompiled user dll's ...
Registered in 0.001264 seconds.
Begin MonoManager ReloadAssembly
Native extension for WindowsStandalone target not found
Native extension for WebGL target not found
Refreshing native plugins compatible for Editor in 0.23 ms, found 0 plugins.
Preloading 0 native plugins for Editor in 0.00 ms.
Invoked RoslynAnalysisRunner static constructor.
RoslynAnalysisRunner will not be running.
RoslynAnalysisRunner has terminated.
Mono: successfully reloaded assembly
- Completed reload, in  0.690 seconds
Platform modules already initialized, skipping
Refreshing native plugins compatible for Editor in 0.32 ms, found 0 plugins.
Preloading 0 native plugins for Editor in 0.00 ms.
Unloading 1125 Unused Serialized files (Serialized files now loaded: 0)
System memory in use before: 76.4 MB.
System memory in use after: 75.8 MB.

Unloading 18 unused Assets to reduce memory usage. Loaded Objects now: 1631.
Total: 2.065200 ms (FindLiveObjects: 0.202000 ms CreateObjectMapping: 0.054700 ms MarkObjects: 1.477400 ms  DeleteObjects: 0.329600 ms)

========================================================================
Received Prepare
Registering precompiled user dll's ...
Registered in 0.000776 seconds.
Begin MonoManager ReloadAssembly
Native extension for WindowsStandalone target not found
Native extension for WebGL target not found
Refreshing native plugins compatible for Editor in 0.25 ms, found 0 plugins.
Preloading 0 native plugins for Editor in 0.00 ms.
Invoked RoslynAnalysisRunner static constructor.
RoslynAnalysisRunner will not be running.
RoslynAnalysisRunner has terminated.
Mono: successfully reloaded assembly
- Completed reload, in  0.707 seconds
Platform modules already initialized, skipping
Refreshing native plugins compatible for Editor in 0.21 ms, found 0 plugins.
Preloading 0 native plugins for Editor in 0.00 ms.
Unloading 1125 Unused Serialized files (Serialized files now loaded: 0)
System memory in use before: 76.4 MB.
System memory in use after: 75.8 MB.

Unloading 18 unused Assets to reduce memory usage. Loaded Objects now: 1634.
Total: 2.774300 ms (FindLiveObjects: 0.297700 ms CreateObjectMapping: 0.075600 ms MarkObjects: 2.083200 ms  DeleteObjects: 0.315400 ms)

========================================================================
Received Import Request.
  Time since last request: 175.311995 seconds.
  path: Assets/Prefabs/Character.prefab
  artifactKey: Guid(30c889c95da781e48ac83fda1422515d) Importer(815301076,1909f56bfc062723c751e8b465ee728b)
Start importing Assets/Prefabs/Character.prefab using Guid(30c889c95da781e48ac83fda1422515d) Importer(815301076,1909f56bfc062723c751e8b465ee728b)  -> (artifact id: '54841562ec3abdae97996a9fbf0f1dd0') in 0.140718 seconds
  Import took 0.143708 seconds .

========================================================================
Received Import Request.
  Time since last request: 22.778636 seconds.
  path: Assets/Prefabs/BaseCharacter.prefab
  artifactKey: Guid(ff5f1dce6a0c92249bbf581f784db5c9) Importer(815301076,1909f56bfc062723c751e8b465ee728b)
Start importing Assets/Prefabs/BaseCharacter.prefab using Guid(ff5f1dce6a0c92249bbf581f784db5c9) Importer(815301076,1909f56bfc062723c751e8b465ee728b)  -> (artifact id: 'c6ba1d51c78a8ebb16caa75aa96b7d0a') in 0.043721 seconds
  Import took 0.046245 seconds .

========================================================================
Received Import Request.
  Time since last request: 0.001745 seconds.
  path: Assets/Prefabs/BaseCharacter.prefab
  artifactKey: Guid(ff5f1dce6a0c92249bbf581f784db5c9) Importer(815301076,1909f56bfc062723c751e8b465ee728b)
Start importing Assets/Prefabs/BaseCharacter.prefab using Guid(ff5f1dce6a0c92249bbf581f784db5c9) Importer(815301076,1909f56bfc062723c751e8b465ee728b)  -> (artifact id: 'c6ba1d51c78a8ebb16caa75aa96b7d0a') in 0.041708 seconds
  Import took 0.044699 seconds .

========================================================================
Received Import Request.
  Time since last request: 97.199558 seconds.
  path: Assets/Prefabs/PlayerCharacter
  artifactKey: Guid(c5baf51fd6e4e0a41b743f88b9d7f7ee) Importer(815301076,1909f56bfc062723c751e8b465ee728b)
Start importing Assets/Prefabs/PlayerCharacter using Guid(c5baf51fd6e4e0a41b743f88b9d7f7ee) Importer(815301076,1909f56bfc062723c751e8b465ee728b)  -> (artifact id: '947a7e048f58f6e20c34db8f8385aae7') in 0.006005 seconds
  Import took 0.008462 seconds .

========================================================================
Received Import Request.
  Time since last request: 0.002651 seconds.
  path: Assets/Prefabs/PlayerCharacter
  artifactKey: Guid(c5baf51fd6e4e0a41b743f88b9d7f7ee) Importer(815301076,1909f56bfc062723c751e8b465ee728b)
Start importing Assets/Prefabs/PlayerCharacter using Guid(c5baf51fd6e4e0a41b743f88b9d7f7ee) Importer(815301076,1909f56bfc062723c751e8b465ee728b)  -> (artifact id: '947a7e048f58f6e20c34db8f8385aae7') in 0.002782 seconds
  Import took 0.004850 seconds .

========================================================================
Received Import Request.
  Time since last request: 7.699094 seconds.
  path: Assets/Prefabs/EnemyCharacters
  artifactKey: Guid(8a8751389ca4cd04eaa19a234390c606) Importer(815301076,1909f56bfc062723c751e8b465ee728b)
Start importing Assets/Prefabs/EnemyCharacters using Guid(8a8751389ca4cd04eaa19a234390c606) Importer(815301076,1909f56bfc062723c751e8b465ee728b)  -> (artifact id: '28da336454becef5e1a84aa691a39a1e') in 0.007440 seconds
  Import took 0.009764 seconds .

========================================================================
Received Import Request.
  Time since last request: 3.156165 seconds.
  path: Assets/Prefabs/PlayerCharacters
  artifactKey: Guid(c5baf51fd6e4e0a41b743f88b9d7f7ee) Importer(815301076,1909f56bfc062723c751e8b465ee728b)
Start importing Assets/Prefabs/PlayerCharacters using Guid(c5baf51fd6e4e0a41b743f88b9d7f7ee) Importer(815301076,1909f56bfc062723c751e8b465ee728b)  -> (artifact id: 'f87b8b745ada9fa05041848ce03dab77') in 0.004272 seconds
  Import took 0.048806 seconds .

========================================================================
Received Import Request.
  Time since last request: 64.422335 seconds.
  path: Assets/Imported_Assets/Models/Environment
  artifactKey: Guid(f039948898614a642af1ea415792382a) Importer(815301076,1909f56bfc062723c751e8b465ee728b)
Start importing Assets/Imported_Assets/Models/Environment using Guid(f039948898614a642af1ea415792382a) Importer(815301076,1909f56bfc062723c751e8b465ee728b)  -> (artifact id: '7305421cb7d9c93f978d04e689eeb3ff') in 0.004141 seconds
  Import took 0.006362 seconds .

========================================================================
Received Import Request.
  Time since last request: 49.670110 seconds.
  path: Assets/Prefabs/PlayerCharacters/PlayerCharacter_0 Variant.prefab
  artifactKey: Guid(04d833ae452bde3449b26812e1fce588) Importer(815301076,1909f56bfc062723c751e8b465ee728b)
Start importing Assets/Prefabs/PlayerCharacters/PlayerCharacter_0 Variant.prefab using Guid(04d833ae452bde3449b26812e1fce588) Importer(815301076,1909f56bfc062723c751e8b465ee728b)  -> (artifact id: 'c2b7dbf45cde965c4f6a751440aaf682') in 0.045515 seconds
  Import took 0.073435 seconds .

========================================================================
Received Import Request.
  Time since last request: 85.982334 seconds.
  path: Assets/Prefabs/EnemyCharacters/EnemyCharacter_0 Variant.prefab
  artifactKey: Guid(f7d5e7b2011e6884eaf1d1b36e90e25c) Importer(815301076,1909f56bfc062723c751e8b465ee728b)
Start importing Assets/Prefabs/EnemyCharacters/EnemyCharacter_0 Variant.prefab using Guid(f7d5e7b2011e6884eaf1d1b36e90e25c) Importer(815301076,1909f56bfc062723c751e8b465ee728b)  -> (artifact id: 'f3aa2786cebbbe278b0dc71816b4e788') in 0.042945 seconds
  Import took 0.045580 seconds .

AssetImportWorkerClient::OnTransportError - code=2 error=End of file
